<?xml version="1.0" encoding="UTF-8"?>
<testsuite xmlns:xsi="http://www.w3.org/2001/XMLSchema-instance" xsi:noNamespaceSchemaLocation="https://maven.apache.org/surefire/maven-surefire-plugin/xsd/surefire-test-report-3.0.xsd" version="3.0" name="com.kma.wordprocessor.WordProcessorApplicationTests" time="4.142" tests="1" errors="0" skipped="0" failures="0">
  <properties>
[...]
</properties>
  <testcase name="contextLoads" classname="com.kma.wordprocessor.WordProcessorApplicationTests" time="0.833">
    <system-out><![CDATA[15:35:25.760 [main] INFO org.springframework.test.context.support.AnnotationConfigContextLoaderUtils -- Could not detect default configuration classes for test class [com.kma.wordprocessor.WordProcessorApplicationTests]: WordProcessorApplicationTests does not declare any static, non-private, non-final, nested classes annotated with @Configuration.
15:35:25.869 [main] INFO org.springframework.boot.test.context.SpringBootTestContextBootstrapper -- Found @SpringBootConfiguration com.kma.wordprocessor.WordProcessorApplication for test class com.kma.wordprocessor.WordProcessorApplicationTests

  .   ____          _            __ _ _
 /\\ / ___'_ __ _ _(_)_ __  __ _ \ \ \ \
( ( )\___ | '_ | '_| | '_ \/ _` | \ \ \ \
 \\/  ___)| |_)| | | | | || (_| |  ) ) ) )
  '  |____| .__|_| |_|_| |_\__, | / / / /
 =========|_|==============|___/=/_/_/_/
 :: Spring Boot ::                (v3.1.5)

2023-12-15T15:35:26.233+07:00  WARN 2292 --- [           main] ory$DuplicateJsonObjectContextCustomizer : 

Found multiple occurrences of org.json.JSONObject on the class path:

	jar:file:/C:/Users/Asus%20ROG/.m2/repository/com/vaadin/external/google/android-json/0.0.20131108.vaadin1/android-json-0.0.20131108.vaadin1.jar!/org/json/JSONObject.class
	jar:file:/C:/Users/Asus%20ROG/.m2/repository/org/json/json/20231013/json-20231013.jar!/org/json/JSONObject.class

You may wish to exclude one of them to ensure predictable runtime behavior

2023-12-15T15:35:26.252+07:00  INFO 2292 --- [           main] c.k.w.WordProcessorApplicationTests      : Starting WordProcessorApplicationTests using Java 17.0.9 with PID 2292 (started by Asus ROG in C:\KMA\TTCS\word-processor\server\word-processor)
2023-12-15T15:35:26.253+07:00  INFO 2292 --- [           main] c.k.w.WordProcessorApplicationTests      : No active profile set, falling back to 1 default profile: "default"
2023-12-15T15:35:26.890+07:00  INFO 2292 --- [           main] .s.d.r.c.RepositoryConfigurationDelegate : Bootstrapping Spring Data MongoDB repositories in DEFAULT mode.
2023-12-15T15:35:26.957+07:00  INFO 2292 --- [           main] .s.d.r.c.RepositoryConfigurationDelegate : Finished Spring Data repository scanning in 58 ms. Found 3 MongoDB repository interfaces.
2023-12-15T15:35:27.562+07:00  INFO 2292 --- [           main] org.mongodb.driver.client                : MongoClient with metadata {"driver": {"name": "mongo-java-driver|sync|spring-boot", "version": "4.9.1"}, "os": {"type": "Windows", "name": "Windows 11", "architecture": "amd64", "version": "10.0"}, "platform": "Java/Oracle Corporation/17.0.9+11-LTS-201"} created with settings MongoClientSettings{readPreference=primary, writeConcern=WriteConcern{w=null, wTimeout=null ms, journal=null}, retryWrites=true, retryReads=true, readConcern=ReadConcern{level=null}, credential=MongoCredential{mechanism=null, userName='tuanht2k2', source='admin', password=<hidden>, mechanismProperties=<hidden>}, streamFactoryFactory=null, commandListeners=[], codecRegistry=ProvidersCodecRegistry{codecProviders=[ValueCodecProvider{}, BsonValueCodecProvider{}, DBRefCodecProvider{}, DBObjectCodecProvider{}, DocumentCodecProvider{}, CollectionCodecProvider{}, IterableCodecProvider{}, MapCodecProvider{}, GeoJsonCodecProvider{}, GridFSFileCodecProvider{}, Jsr310CodecProvider{}, JsonObjectCodecProvider{}, BsonCodecProvider{}, EnumCodecProvider{}, com.mongodb.client.model.mql.ExpressionCodecProvider@709f0202, com.mongodb.Jep395RecordCodecProvider@654e6a90]}, loggerSettings=LoggerSettings{maxDocumentLength=1000}, clusterSettings={hosts=[127.0.0.1:27017], srvHost=cluster0.3igzeji.mongodb.net, srvServiceName=mongodb, mode=MULTIPLE, requiredClusterType=REPLICA_SET, requiredReplicaSetName='atlas-kd07lh-shard-0', serverSelector='null', clusterListeners='[]', serverSelectionTimeout='30000 ms', localThreshold='30000 ms'}, socketSettings=SocketSettings{connectTimeoutMS=10000, readTimeoutMS=0, receiveBufferSize=0, sendBufferSize=0}, heartbeatSocketSettings=SocketSettings{connectTimeoutMS=10000, readTimeoutMS=10000, receiveBufferSize=0, sendBufferSize=0}, connectionPoolSettings=ConnectionPoolSettings{maxSize=100, minSize=0, maxWaitTimeMS=120000, maxConnectionLifeTimeMS=0, maxConnectionIdleTimeMS=0, maintenanceInitialDelayMS=0, maintenanceFrequencyMS=60000, connectionPoolListeners=[], maxConnecting=2}, serverSettings=ServerSettings{heartbeatFrequencyMS=10000, minHeartbeatFrequencyMS=500, serverListeners='[]', serverMonitorListeners='[]'}, sslSettings=SslSettings{enabled=true, invalidHostNameAllowed=false, context=null}, applicationName='null', compressorList=[], uuidRepresentation=JAVA_LEGACY, serverApi=null, autoEncryptionSettings=null, contextProvider=null}
2023-12-15T15:35:27.565+07:00  INFO 2292 --- [eji.mongodb.net] org.mongodb.driver.cluster               : Adding discovered server ac-azj85k2-shard-00-01.3igzeji.mongodb.net:27017 to client view of cluster
2023-12-15T15:35:27.587+07:00  INFO 2292 --- [eji.mongodb.net] org.mongodb.driver.cluster               : Adding discovered server ac-azj85k2-shard-00-00.3igzeji.mongodb.net:27017 to client view of cluster
2023-12-15T15:35:27.588+07:00  INFO 2292 --- [eji.mongodb.net] org.mongodb.driver.cluster               : Adding discovered server ac-azj85k2-shard-00-02.3igzeji.mongodb.net:27017 to client view of cluster
2023-12-15T15:35:28.542+07:00  INFO 2292 --- [           main] o.s.s.web.DefaultSecurityFilterChain     : Will secure any request with [org.springframework.security.web.session.DisableEncodeUrlFilter@e795a1d, org.springframework.security.web.context.request.async.WebAsyncManagerIntegrationFilter@38c10190, org.springframework.security.web.context.SecurityContextHolderFilter@72b2c5ed, org.springframework.security.web.header.HeaderWriterFilter@1ab53860, org.springframework.web.filter.CorsFilter@1cc41b77, org.springframework.security.web.authentication.logout.LogoutFilter@6bb4cc0e, com.kma.wordprocessor.jwt.JwtAuthenticationFilter@2a7ebe07, org.springframework.security.web.savedrequest.RequestCacheAwareFilter@6c9a3661, org.springframework.security.web.servletapi.SecurityContextHolderAwareRequestFilter@1600a8a2, org.springframework.security.web.authentication.AnonymousAuthenticationFilter@6e93b0e7, org.springframework.security.web.access.ExceptionTranslationFilter@17176b18, org.springframework.security.web.access.intercept.AuthorizationFilter@612af486]
2023-12-15T15:35:28.705+07:00  INFO 2292 --- [ngodb.net:27017] org.mongodb.driver.cluster               : Monitor thread successfully connected to server with description ServerDescription{address=ac-azj85k2-shard-00-01.3igzeji.mongodb.net:27017, type=REPLICA_SET_SECONDARY, state=CONNECTED, ok=true, minWireVersion=0, maxWireVersion=17, maxDocumentSize=16777216, logicalSessionTimeoutMinutes=30, roundTripTimeNanos=681482000, setName='atlas-kd07lh-shard-0', canonicalAddress=ac-azj85k2-shard-00-01.3igzeji.mongodb.net:27017, hosts=[ac-azj85k2-shard-00-00.3igzeji.mongodb.net:27017, ac-azj85k2-shard-00-02.3igzeji.mongodb.net:27017, ac-azj85k2-shard-00-01.3igzeji.mongodb.net:27017], passives=[], arbiters=[], primary='ac-azj85k2-shard-00-02.3igzeji.mongodb.net:27017', tagSet=TagSet{[Tag{name='availabilityZone', value='use1-az1'}, Tag{name='nodeType', value='ELECTABLE'}, Tag{name='provider', value='AWS'}, Tag{name='region', value='US_EAST_1'}, Tag{name='workloadType', value='OPERATIONAL'}]}, electionId=null, setVersion=4, topologyVersion=TopologyVersion{processId=65664885872ef75a6c8c3fb8, counter=3}, lastWriteDate=Fri Dec 15 15:35:29 ICT 2023, lastUpdateTimeNanos=92975865878200}
2023-12-15T15:35:28.705+07:00  INFO 2292 --- [ngodb.net:27017] org.mongodb.driver.cluster               : Monitor thread successfully connected to server with description ServerDescription{address=ac-azj85k2-shard-00-00.3igzeji.mongodb.net:27017, type=REPLICA_SET_SECONDARY, state=CONNECTED, ok=true, minWireVersion=0, maxWireVersion=17, maxDocumentSize=16777216, logicalSessionTimeoutMinutes=30, roundTripTimeNanos=687514500, setName='atlas-kd07lh-shard-0', canonicalAddress=ac-azj85k2-shard-00-00.3igzeji.mongodb.net:27017, hosts=[ac-azj85k2-shard-00-00.3igzeji.mongodb.net:27017, ac-azj85k2-shard-00-02.3igzeji.mongodb.net:27017, ac-azj85k2-shard-00-01.3igzeji.mongodb.net:27017], passives=[], arbiters=[], primary='ac-azj85k2-shard-00-02.3igzeji.mongodb.net:27017', tagSet=TagSet{[Tag{name='availabilityZone', value='use1-az2'}, Tag{name='nodeType', value='ELECTABLE'}, Tag{name='provider', value='AWS'}, Tag{name='region', value='US_EAST_1'}, Tag{name='workloadType', value='OPERATIONAL'}]}, electionId=null, setVersion=4, topologyVersion=TopologyVersion{processId=656647d8ace30bc1437cbdba, counter=4}, lastWriteDate=Fri Dec 15 15:35:29 ICT 2023, lastUpdateTimeNanos=92975872914500}
2023-12-15T15:35:28.705+07:00  INFO 2292 --- [ngodb.net:27017] org.mongodb.driver.cluster               : Monitor thread successfully connected to server with description ServerDescription{address=ac-azj85k2-shard-00-02.3igzeji.mongodb.net:27017, type=REPLICA_SET_PRIMARY, state=CONNECTED, ok=true, minWireVersion=0, maxWireVersion=17, maxDocumentSize=16777216, logicalSessionTimeoutMinutes=30, roundTripTimeNanos=685197200, setName='atlas-kd07lh-shard-0', canonicalAddress=ac-azj85k2-shard-00-02.3igzeji.mongodb.net:27017, hosts=[ac-azj85k2-shard-00-00.3igzeji.mongodb.net:27017, ac-azj85k2-shard-00-02.3igzeji.mongodb.net:27017, ac-azj85k2-shard-00-01.3igzeji.mongodb.net:27017], passives=[], arbiters=[], primary='ac-azj85k2-shard-00-02.3igzeji.mongodb.net:27017', tagSet=TagSet{[Tag{name='availabilityZone', value='use1-az5'}, Tag{name='nodeType', value='ELECTABLE'}, Tag{name='provider', value='AWS'}, Tag{name='region', value='US_EAST_1'}, Tag{name='workloadType', value='OPERATIONAL'}]}, electionId=7fffffff00000000000000a7, setVersion=4, topologyVersion=TopologyVersion{processId=6566482e91f8d5f23dfa6a1a, counter=6}, lastWriteDate=Fri Dec 15 15:35:29 ICT 2023, lastUpdateTimeNanos=92975865858500}
2023-12-15T15:35:28.708+07:00  INFO 2292 --- [ngodb.net:27017] org.mongodb.driver.cluster               : Discovered replica set primary ac-azj85k2-shard-00-02.3igzeji.mongodb.net:27017 with max election id 7fffffff00000000000000a7 and max set version 4
2023-12-15T15:35:28.890+07:00  INFO 2292 --- [           main] o.s.m.s.b.SimpleBrokerMessageHandler     : Starting...
2023-12-15T15:35:28.901+07:00  INFO 2292 --- [           main] o.s.m.s.b.SimpleBrokerMessageHandler     : BrokerAvailabilityEvent[available=true, SimpleBrokerMessageHandler [org.springframework.messaging.simp.broker.DefaultSubscriptionRegistry@1a4930cf]]
2023-12-15T15:35:28.901+07:00  INFO 2292 --- [           main] o.s.m.s.b.SimpleBrokerMessageHandler     : Started.
2023-12-15T15:35:28.907+07:00  INFO 2292 --- [           main] c.k.w.WordProcessorApplicationTests      : Started WordProcessorApplicationTests in 2.88 seconds (process running for 3.78)
]]></system-out>
  </testcase>
</testsuite>